<?xml version="1.0" encoding="UTF-8"?>
<!-- Generated by org.testng.reporters.JUnitXMLReporter -->
<testsuite hostname="Chandani" name="Test" tests="5" failures="0" timestamp="13 Oct 2018 05:06:33 GMT" time="7.591" errors="0">
  <testcase name="checkInstance" time="0.937" classname="unitTest.TestExcelFile"/>
  <testcase name="checkInstance1" time="0.065" classname="unitTest.TestExcelFile"/>
  <testcase name="checkInstance" time="0.005" classname="unitTest.TestConfigFile"/>
  <testcase name="checkInstance1" time="0.002" classname="unitTest.TestConfigFile"/>
  <testcase name="checkInstance" time="6.535" classname="unitTest.TestBrowserFactory"/>
</testsuite> <!-- Test -->
