<?xml version="1.0" encoding="UTF-8"?>
<testng-results skipped="0" failed="0" total="1" passed="1">
  <reporter-output>
  </reporter-output>
  <suite name="Default suite" duration-ms="37033" started-at="2018-10-28T04:22:47Z" finished-at="2018-10-28T04:23:24Z">
    <groups>
    </groups>
    <test name="Default test" duration-ms="37033" started-at="2018-10-28T04:22:47Z" finished-at="2018-10-28T04:23:24Z">
      <class name="testCases.SeleniumGridOnCloud">
        <test-method status="PASS" signature="test1()[pri:0, instance:testCases.SeleniumGridOnCloud@29ee9faa]" name="test1" duration-ms="37009" started-at="2018-10-28T09:52:47Z" finished-at="2018-10-28T09:53:24Z">
          <reporter-output>
          </reporter-output>
        </test-method> <!-- test1 -->
      </class> <!-- testCases.SeleniumGridOnCloud -->
    </test> <!-- Default test -->
  </suite> <!-- Default suite -->
</testng-results>
